<?xml version="1.0" encoding="UTF-8"?>
<testsuites duration="50.5">
    <testsuite failures="0" name="P0" package="group.create" tests="3" time="0.256">
        <testcase classname="group.create" name="Default user agent matches /CasperJS/" time="0.103"/>
        <testcase classname="group.create" name="Default user agent matches /plop/" time="0.146"/>
        <testcase classname="group.create" name="Default user agent matches /plop/" time="0.007"/>
        <testcase classname="group.create.post" name="Post creation in group" time="0.007"/>
        <testcase classname="group.create.file" name="File creation in group" time="0.007"/>
    </testsuite>
</testsuites>
